{"C:\\Users\\OSAMUYI\\Documents\\ALT SCHOOL\\BloggingAPI\\server.js": {"path":"C:\\Users\\OSAMUYI\\Documents\\ALT SCHOOL\\BloggingAPI\\server.js","statementMap":{"0":{"start":{"line":1,"column":19},"end":{"line":1,"column":41}},"1":{"start":{"line":2,"column":16},"end":{"line":2,"column":34}},"2":{"start":{"line":3,"column":17},"end":{"line":3,"column":36}},"3":{"start":{"line":5,"column":15},"end":{"line":5,"column":38}},"4":{"start":{"line":6,"column":15},"end":{"line":6,"column":38}},"5":{"start":{"line":8,"column":12},"end":{"line":8,"column":21}},"6":{"start":{"line":10,"column":0},"end":{"line":10,"column":27}},"7":{"start":{"line":12,"column":0},"end":{"line":29,"column":1}},"8":{"start":{"line":13,"column":2},"end":{"line":13,"column":36}},"9":{"start":{"line":14,"column":2},"end":{"line":18,"column":5}},"10":{"start":{"line":15,"column":4},"end":{"line":15,"column":32}},"11":{"start":{"line":15,"column":13},"end":{"line":15,"column":32}},"12":{"start":{"line":16,"column":4},"end":{"line":16,"column":67}},"13":{"start":{"line":17,"column":15},"end":{"line":17,"column":47}},"14":{"start":{"line":20,"column":2},"end":{"line":20,"column":31}},"15":{"start":{"line":21,"column":2},"end":{"line":28,"column":5}},"16":{"start":{"line":22,"column":4},"end":{"line":22,"column":32}},"17":{"start":{"line":22,"column":13},"end":{"line":22,"column":32}},"18":{"start":{"line":23,"column":4},"end":{"line":23,"column":69}},"19":{"start":{"line":24,"column":15},"end":{"line":24,"column":42}},"20":{"start":{"line":25,"column":4},"end":{"line":27,"column":7}},"21":{"start":{"line":26,"column":6},"end":{"line":26,"column":56}},"22":{"start":{"line":31,"column":0},"end":{"line":31,"column":12}},"23":{"start":{"line":33,"column":0},"end":{"line":33,"column":21}}},"fnMap":{"0":{"name":"(anonymous_0)","decl":{"start":{"line":14,"column":30},"end":{"line":14,"column":31}},"loc":{"start":{"line":14,"column":39},"end":{"line":18,"column":3}},"line":14},"1":{"name":"(anonymous_1)","decl":{"start":{"line":21,"column":30},"end":{"line":21,"column":31}},"loc":{"start":{"line":21,"column":39},"end":{"line":28,"column":3}},"line":21},"2":{"name":"(anonymous_2)","decl":{"start":{"line":25,"column":40},"end":{"line":25,"column":41}},"loc":{"start":{"line":25,"column":46},"end":{"line":27,"column":5}},"line":25}},"branchMap":{"0":{"loc":{"start":{"line":12,"column":0},"end":{"line":29,"column":1}},"type":"if","locations":[{"start":{"line":12,"column":0},"end":{"line":29,"column":1}},{"start":{"line":19,"column":7},"end":{"line":29,"column":1}}],"line":12},"1":{"loc":{"start":{"line":15,"column":4},"end":{"line":15,"column":32}},"type":"if","locations":[{"start":{"line":15,"column":4},"end":{"line":15,"column":32}},{"start":{},"end":{}}],"line":15},"2":{"loc":{"start":{"line":22,"column":4},"end":{"line":22,"column":32}},"type":"if","locations":[{"start":{"line":22,"column":4},"end":{"line":22,"column":32}},{"start":{},"end":{}}],"line":22}},"s":{"0":1,"1":1,"2":1,"3":1,"4":1,"5":1,"6":1,"7":1,"8":1,"9":1,"10":1,"11":0,"12":1,"13":1,"14":0,"15":0,"16":0,"17":0,"18":0,"19":0,"20":0,"21":0,"22":1,"23":1},"f":{"0":1,"1":0,"2":0},"b":{"0":[1,0],"1":[0,1],"2":[0,0]},"_coverageSchema":"1a1c01bbd47fc00a2c39e90264f33305004495a9","hash":"f0426b557ca23b698c7ef69162dbdd42e59b30d6"}
,"C:\\Users\\OSAMUYI\\Documents\\ALT SCHOOL\\BloggingAPI\\app\\config.js": {"path":"C:\\Users\\OSAMUYI\\Documents\\ALT SCHOOL\\BloggingAPI\\app\\config.js","statementMap":{"0":{"start":{"line":1,"column":15},"end":{"line":7,"column":1}},"1":{"start":{"line":9,"column":0},"end":{"line":9,"column":24}}},"fnMap":{},"branchMap":{"0":{"loc":{"start":{"line":2,"column":8},"end":{"line":2,"column":32}},"type":"binary-expr","locations":[{"start":{"line":2,"column":8},"end":{"line":2,"column":24}},{"start":{"line":2,"column":28},"end":{"line":2,"column":32}}],"line":2}},"s":{"0":1,"1":1},"f":{},"b":{"0":[1,1]},"_coverageSchema":"1a1c01bbd47fc00a2c39e90264f33305004495a9","hash":"3d5761725dee4882cb4f94b724f357659ddb655d"}
,"C:\\Users\\OSAMUYI\\Documents\\ALT SCHOOL\\BloggingAPI\\app\\router.js": {"path":"C:\\Users\\OSAMUYI\\Documents\\ALT SCHOOL\\BloggingAPI\\app\\router.js","statementMap":{"0":{"start":{"line":1,"column":16},"end":{"line":1,"column":34}},"1":{"start":{"line":3,"column":23},"end":{"line":3,"column":67}},"2":{"start":{"line":5,"column":0},"end":{"line":19,"column":2}},"3":{"start":{"line":7,"column":20},"end":{"line":7,"column":36}},"4":{"start":{"line":8,"column":25},"end":{"line":8,"column":41}},"5":{"start":{"line":11,"column":2},"end":{"line":11,"column":46}},"6":{"start":{"line":15,"column":2},"end":{"line":15,"column":55}},"7":{"start":{"line":18,"column":2},"end":{"line":18,"column":29}}},"fnMap":{"0":{"name":"(anonymous_0)","decl":{"start":{"line":5,"column":17},"end":{"line":5,"column":18}},"loc":{"start":{"line":5,"column":26},"end":{"line":19,"column":1}},"line":5}},"branchMap":{},"s":{"0":1,"1":1,"2":1,"3":1,"4":1,"5":1,"6":1,"7":1},"f":{"0":1},"b":{},"_coverageSchema":"1a1c01bbd47fc00a2c39e90264f33305004495a9","hash":"d407ffc9d110ee308ea317bce04dd9ae1e6f0ff3"}
,"C:\\Users\\OSAMUYI\\Documents\\ALT SCHOOL\\BloggingAPI\\app\\controllers\\blogpost.controller.js": {"path":"C:\\Users\\OSAMUYI\\Documents\\ALT SCHOOL\\BloggingAPI\\app\\controllers\\blogpost.controller.js","statementMap":{"0":{"start":{"line":1,"column":17},"end":{"line":1,"column":52}},"1":{"start":{"line":4,"column":0},"end":{"line":19,"column":2}},"2":{"start":{"line":5,"column":22},"end":{"line":5,"column":50}},"3":{"start":{"line":7,"column":2},"end":{"line":18,"column":5}},"4":{"start":{"line":8,"column":4},"end":{"line":17,"column":5}},"5":{"start":{"line":9,"column":6},"end":{"line":12,"column":9}},"6":{"start":{"line":14,"column":6},"end":{"line":16,"column":73}}},"fnMap":{"0":{"name":"(anonymous_0)","decl":{"start":{"line":4,"column":22},"end":{"line":4,"column":23}},"loc":{"start":{"line":4,"column":42},"end":{"line":19,"column":1}},"line":4},"1":{"name":"(anonymous_1)","decl":{"start":{"line":7,"column":19},"end":{"line":7,"column":20}},"loc":{"start":{"line":7,"column":38},"end":{"line":18,"column":3}},"line":7}},"branchMap":{"0":{"loc":{"start":{"line":8,"column":4},"end":{"line":17,"column":5}},"type":"if","locations":[{"start":{"line":8,"column":4},"end":{"line":17,"column":5}},{"start":{"line":13,"column":11},"end":{"line":17,"column":5}}],"line":8}},"s":{"0":1,"1":1,"2":0,"3":0,"4":0,"5":0,"6":0},"f":{"0":0,"1":0},"b":{"0":[0,0]},"_coverageSchema":"1a1c01bbd47fc00a2c39e90264f33305004495a9","hash":"71b89ca6617f82ec0a1bab334d36198ec2a474cc"}
,"C:\\Users\\OSAMUYI\\Documents\\ALT SCHOOL\\BloggingAPI\\app\\models\\blogpost.model.js": {"path":"C:\\Users\\OSAMUYI\\Documents\\ALT SCHOOL\\BloggingAPI\\app\\models\\blogpost.model.js","statementMap":{"0":{"start":{"line":1,"column":17},"end":{"line":1,"column":36}},"1":{"start":{"line":2,"column":15},"end":{"line":2,"column":30}},"2":{"start":{"line":5,"column":23},"end":{"line":40,"column":1}},"3":{"start":{"line":42,"column":0},"end":{"line":42,"column":60}}},"fnMap":{},"branchMap":{},"s":{"0":1,"1":1,"2":1,"3":1},"f":{},"b":{},"_coverageSchema":"1a1c01bbd47fc00a2c39e90264f33305004495a9","hash":"0acc3fe7ad2c414735d7ce8588407cdc555d7a11"}
}
